# JRE version: Java(TM) SE Runtime Environment (21.0.4+8) (build 21.0.4+8-LTS-274)
# Java VM: Java HotSpot(TM) 64-Bit Server VM (21.0.4+8-LTS-274, mixed mode, emulated-client, sharing, tiered, compressed oops, compressed class ptrs, g1 gc, windows-amd64)
GC Precious Log:
 CardTable entry size: 512
 Card Set container configuration: InlinePtr #cards 5 size 8 Array Of Cards #cards 12 size 40 Howl #buckets 4 coarsen threshold 1843 Howl Bitmap #cards 512 size 80 coarsen threshold 460 Card regions per heap region 1 cards per card region 2048
 CPUs: 8 total, 8 available
 Memory: 3863M
 Large Page Support: Disabled
 NUMA Support: Disabled
 Compressed Oops: Enabled (32-bit)
 Heap Region Size: 1M
 Heap Min Capacity: 8M
 Heap Initial Capacity: 62M
 Heap Max Capacity: 966M
 Pre-touch: Disabled
 Parallel Workers: 8
 Concurrent Workers: 2
 Concurrent Refinement Workers: 8
 Periodic GC: Disabled
Heap:
 garbage-first heap   total 55296K, used 22013K [0x00000000c3a00000, 0x0000000100000000)
  region size 1024K, 11 young (11264K), 4 survivors (4096K)
 Metaspace       used 25748K, committed 26176K, reserved 1114112K
  class space    used 3562K, committed 3776K, reserved 1048576K
GC Heap History (10 events):
Event: 6.690 GC heap before
{Heap before GC invocations=0 (full 0):
 garbage-first heap   total 63488K, used 24576K [0x00000000c3a00000, 0x0000000100000000)
  region size 1024K, 23 young (23552K), 0 survivors (0K)
 Metaspace       used 7085K, committed 7424K, reserved 1114112K
  class space    used 871K, committed 1024K, reserved 1048576K
}
Event: 6.712 GC heap after
{Heap after GC invocations=1 (full 0):
 garbage-first heap   total 63488K, used 8137K [0x00000000c3a00000, 0x0000000100000000)
  region size 1024K, 3 young (3072K), 3 survivors (3072K)
 Metaspace       used 7085K, committed 7424K, reserved 1114112K
  class space    used 871K, committed 1024K, reserved 1048576K
}
Event: 15.594 GC heap before
{Heap before GC invocations=1 (full 0):
 garbage-first heap   total 63488K, used 31689K [0x00000000c3a00000, 0x0000000100000000)
  region size 1024K, 27 young (27648K), 3 survivors (3072K)
 Metaspace       used 12465K, committed 12736K, reserved 1114112K
  class space    used 1684K, committed 1792K, reserved 1048576K
}
Event: 15.606 GC heap after
{Heap after GC invocations=2 (full 0):
 garbage-first heap   total 63488K, used 10595K [0x00000000c3a00000, 0x0000000100000000)
  region size 1024K, 2 young (2048K), 2 survivors (2048K)
 Metaspace       used 12465K, committed 12736K, reserved 1114112K
  class space    used 1684K, committed 1792K, reserved 1048576K
}
Event: 29.333 GC heap before
{Heap before GC invocations=2 (full 0):
 garbage-first heap   total 63488K, used 39267K [0x00000000c3a00000, 0x0000000100000000)
  region size 1024K, 31 young (31744K), 2 survivors (2048K)
 Metaspace       used 17691K, committed 18048K, reserved 1114112K
  class space    used 2427K, committed 2560K, reserved 1048576K
}
Event: 29.340 GC heap after
{Heap after GC invocations=3 (full 0):
 garbage-first heap   total 63488K, used 12405K [0x00000000c3a00000, 0x0000000100000000)
  region size 1024K, 4 young (4096K), 4 survivors (4096K)
 Metaspace       used 17691K, committed 18048K, reserved 1114112K
  class space    used 2427K, committed 2560K, reserved 1048576K
}
Event: 30.640 GC heap before
{Heap before GC invocations=3 (full 0):
 garbage-first heap   total 63488K, used 33909K [0x00000000c3a00000, 0x0000000100000000)
  region size 1024K, 27 young (27648K), 4 survivors (4096K)
 Metaspace       used 21123K, committed 21504K, reserved 1114112K
  class space    used 2844K, committed 3072K, reserved 1048576K
}
Event: 30.647 GC heap after
{Heap after GC invocations=4 (full 0):
 garbage-first heap   total 63488K, used 14247K [0x00000000c3a00000, 0x0000000100000000)
  region size 1024K, 4 young (4096K), 4 survivors (4096K)
 Metaspace       used 21123K, committed 21504K, reserved 1114112K
  class space    used 2844K, committed 3072K, reserved 1048576K
}
Event: 31.181 GC heap before
{Heap before GC invocations=5 (full 0):
 garbage-first heap   total 55296K, used 42919K [0x00000000c3a00000, 0x0000000100000000)
  region size 1024K, 32 young (32768K), 4 survivors (4096K)
 Metaspace       used 24447K, committed 24896K, reserved 1114112K
  class space    used 3362K, committed 3584K, reserved 1048576K
}
Event: 31.188 GC heap after
{Heap after GC invocations=6 (full 0):
 garbage-first heap   total 55296K, used 15869K [0x00000000c3a00000, 0x0000000100000000)
  region size 1024K, 4 young (4096K), 4 survivors (4096K)
 Metaspace       used 24447K, committed 24896K, reserved 1114112K
  class space    used 3362K, committed 3584K, reserved 1048576K
}

